<?xml version="1.0" encoding="UTF-8"?>
<testng-results ignored="0" total="1" passed="1" failed="0" skipped="0">
  <reporter-output>
  </reporter-output>
  <suite started-at="2024-11-27T16:32:35 IST" name="Default suite" finished-at="2024-11-27T16:32:48 IST" duration-ms="13040">
    <groups>
    </groups>
    <test started-at="2024-11-27T16:32:35 IST" name="Default test" finished-at="2024-11-27T16:32:48 IST" duration-ms="13040">
      <class name="com.amazon.Az">
        <test-method signature="text2()[pri:0, instance:com.amazon.Az@1de76cc7]" started-at="2024-11-27T16:32:35 IST" name="text2" finished-at="2024-11-27T16:32:48 IST" duration-ms="12941" status="PASS">
          <reporter-output>
          </reporter-output>
        </test-method> <!-- text2 -->
      </class> <!-- com.amazon.Az -->
    </test> <!-- Default test -->
  </suite> <!-- Default suite -->
</testng-results>
